<?xml version="1.0" encoding="UTF-8"?>
<testsuite name="atest"
           tests="6"
           failures="3"
           errors="0"
           skipped="0"
           time="3.539">
  <properties />
            <testcase name="getRealtyInfo" time="0.004" classname="com.jd.highend.jsfcases.TestCity">
                <failure type="org.testng.internal.reflect.MethodMatcherException"
                  message="
Data provider mismatch
Method: getRealtyInfo([Parameter{index=0, type=java.lang.Integer, declaredAnnotations=[]}])
Arguments: [(java.lang.String) getCityInfo第一个测试用例,(java.lang.Integer) 1]"
              >
<![CDATA[org.testng.internal.reflect.MethodMatcherException: 
Data provider mismatch
Method: getRealtyInfo([Parameter{index=0, type=java.lang.Integer, declaredAnnotations=[]}])
Arguments: [(java.lang.String) getCityInfo第一个测试用例,(java.lang.Integer) 1]
  org.testng.internal.reflect.DataProviderMethodMatcher.getConformingArguments(DataProviderMethodMatcher.java:45)
  org.testng.internal.Parameters.injectParameters(Parameters.java:796)
  org.testng.internal.Invoker.invokeTestMethods(Invoker.java:983)
  org.testng.internal.TestMethodWorker.invokeTestMethods(TestMethodWorker.java:125)
  org.testng.internal.TestMethodWorker.run(TestMethodWorker.java:109)
  org.testng.TestRunner.privateRun(TestRunner.java:648)
  org.testng.TestRunner.run(TestRunner.java:505)
  org.testng.SuiteRunner.runTest(SuiteRunner.java:455)
  org.testng.SuiteRunner.runSequentially(SuiteRunner.java:450)
  org.testng.SuiteRunner.privateRun(SuiteRunner.java:415)
  org.testng.SuiteRunner.run(SuiteRunner.java:364)
  org.testng.SuiteRunnerWorker.runSuite(SuiteRunnerWorker.java:52)
  org.testng.SuiteRunnerWorker.run(SuiteRunnerWorker.java:84)
  org.testng.TestNG.runSuitesSequentially(TestNG.java:1208)
  org.testng.TestNG.runSuitesLocally(TestNG.java:1137)
  org.testng.TestNG.runSuites(TestNG.java:1049)
  org.testng.TestNG.run(TestNG.java:1017)
  org.testng.IDEARemoteTestNG.run(IDEARemoteTestNG.java:72)
  org.testng.RemoteTestNGStarter.main(RemoteTestNGStarter.java:123)
]]>
      </failure>

          </testcase>
            <testcase name="getCityInfo" time="0.070" classname="com.jd.highend.jsfcases.TestCity">
                <failure type="Unknown"
                  message="Unknown"
              />
          </testcase>
            <testcase name="getCityInfo" time="0.057" classname="com.jd.highend.jsfcases.TestCity">
                <failure type="Unknown"
                  message="Unknown"
              />
          </testcase>
  
  
            <testcase name="getCityInfo" time="2.926" classname="com.jd.highend.jsfcases.TestCity" />
                <testcase name="getCityInfo" time="0.115" classname="com.jd.highend.jsfcases.TestCity" />
                <testcase name="getCityInfo" time="0.367" classname="com.jd.highend.jsfcases.TestCity" />
      
</testsuite>
